\BOOKMARK [0][-]{section*.1}{Verification\040Letter\040from\040the\040Oral\040Examination\040Committee}{}% 1
\BOOKMARK [0][-]{chapter*.2}{Acknowledgements}{}% 2
\BOOKMARK [0][-]{chapter*.3}{摘要}{}% 3
\BOOKMARK [0][-]{chapter*.4}{Abstract}{}% 4
\BOOKMARK [0][-]{section*.5}{Contents}{}% 5
\BOOKMARK [0][-]{section*.6}{List\040of\040Figures}{}% 6
\BOOKMARK [0][-]{section*.7}{List\040of\040Tables}{}% 7
\BOOKMARK [0][-]{chapter.1}{Introduction}{}% 8
\BOOKMARK [0][-]{chapter.2}{Background}{}% 9
\BOOKMARK [1][-]{section.2.1}{Tonal\040coarticulation\040in\040Mandarin\040and\040Southern\040Min}{chapter.2}% 10
\BOOKMARK [1][-]{section.2.2}{Tonal\040coarticulation\040in\040Mandarin}{chapter.2}% 11
\BOOKMARK [1][-]{section.2.3}{Tonal\040coarticulation\040in\040Taiwan\040Southern\040Min}{chapter.2}% 12
\BOOKMARK [2][-]{subsection.2.3.1}{Section\040summary}{section.2.3}% 13
\BOOKMARK [1][-]{section.2.4}{Normalization\040and\040tonal\040coarticulation\040normalization\040in\040Mandarin\040and\040Taiwan\040Southern\040Min}{chapter.2}% 14
\BOOKMARK [2][-]{subsection.2.4.1}{Kinds\040of\040normalization\040and\040the\040speech-specificity\040of\040normalization}{section.2.4}% 15
\BOOKMARK [2][-]{subsection.2.4.2}{Intra-talker\040tone\040normalization\040and\040tonal\040coarticulation\040normalization\040in\040Taiwan\040Mandarin\040and\040Taiwan\040Southern\040Min}{section.2.4}% 16
\BOOKMARK [2][-]{subsection.2.4.3}{Section\040summary}{section.2.4}% 17
\BOOKMARK [1][-]{section.2.5}{Summary}{chapter.2}% 18
\BOOKMARK [0][-]{chapter.3}{Methods}{}% 19
\BOOKMARK [1][-]{section.3.1}{Experiment\0401}{chapter.3}% 20
\BOOKMARK [2][-]{subsection.3.1.1}{Participants}{section.3.1}% 21
\BOOKMARK [2][-]{subsection.3.1.2}{Stimuli}{section.3.1}% 22
\BOOKMARK [2][-]{subsection.3.1.3}{Apparatus}{section.3.1}% 23
\BOOKMARK [2][-]{subsection.3.1.4}{Procedure}{section.3.1}% 24
\BOOKMARK [2][-]{subsection.3.1.5}{Data\040processing}{section.3.1}% 25
\BOOKMARK [3][-]{subsubsection.3.1.5.1}{Labeling}{subsection.3.1.5}% 26
\BOOKMARK [3][-]{subsubsection.3.1.5.2}{Pitch\040extraction}{subsection.3.1.5}% 27
\BOOKMARK [2][-]{subsection.3.1.6}{Analyses}{section.3.1}% 28
\BOOKMARK [3][-]{subsubsection.3.1.6.1}{Pitch\040contour\040comparison}{subsection.3.1.6}% 29
\BOOKMARK [3][-]{subsubsection.3.1.6.2}{Tonal\040coarticulation}{subsection.3.1.6}% 30
\BOOKMARK [1][-]{section.3.2}{Experiment\0402}{chapter.3}% 31
\BOOKMARK [2][-]{subsection.3.2.1}{Participants}{section.3.2}% 32
\BOOKMARK [2][-]{subsection.3.2.2}{Stimuli}{section.3.2}% 33
\BOOKMARK [3][-]{subsubsection.3.2.2.1}{Word\040selection}{subsection.3.2.2}% 34
\BOOKMARK [3][-]{subsubsection.3.2.2.2}{Stimuli\040recording}{subsection.3.2.2}% 35
\BOOKMARK [3][-]{subsubsection.3.2.2.3}{Stimuli\040syntheses}{subsection.3.2.2}% 36
\BOOKMARK [2][-]{subsection.3.2.3}{Procedure}{section.3.2}% 37
\BOOKMARK [2][-]{subsection.3.2.4}{Analyses}{section.3.2}% 38
\BOOKMARK [1][-]{section.3.3}{Experiment\0403}{chapter.3}% 39
\BOOKMARK [2][-]{subsection.3.3.1}{Participants}{section.3.3}% 40
\BOOKMARK [2][-]{subsection.3.3.2}{Stimuli}{section.3.3}% 41
\BOOKMARK [3][-]{subsubsection.3.3.2.1}{Word\040selection}{subsection.3.3.2}% 42
\BOOKMARK [3][-]{subsubsection.3.3.2.2}{Stimuli\040recording\040and\040synthesis}{subsection.3.3.2}% 43
\BOOKMARK [2][-]{subsection.3.3.3}{Procedure}{section.3.3}% 44
\BOOKMARK [2][-]{subsection.3.3.4}{Analyses}{section.3.3}% 45
\BOOKMARK [0][-]{chapter.4}{Results}{}% 46
\BOOKMARK [1][-]{section.4.1}{Taiwan\040Mandarin\040and\040Taiwan\040Southern\040Min\040tones\040under\040coarticulation}{chapter.4}% 47
\BOOKMARK [2][-]{subsection.4.1.1}{Tone\040contours}{section.4.1}% 48
\BOOKMARK [2][-]{subsection.4.1.2}{Directionalities\040and\040magnitudes\040of\040coarticulatory\040effects\040in\040the\040two\040languages}{section.4.1}% 49
\BOOKMARK [1][-]{section.4.2}{Normalization\040for\040tonal\040coarticulation\040in\040Taiwan\040Mandarin\040and\040Taiwan\040Southern\040Min}{chapter.4}% 50
\BOOKMARK [1][-]{section.4.3}{Tone\040boundaries\040between\040the\040low\040tone\040and\040the\040falling\040tone\040in\040Mandarin\040and\040Taiwan\040Southern\040Min}{chapter.4}% 51
\BOOKMARK [1][-]{section.4.4}{Summary}{chapter.4}% 52
\BOOKMARK [0][-]{chapter.5}{Discussion}{}% 53
\BOOKMARK [1][-]{section.5.1}{Tonal\040coarticulation\040in\040Taiwan\040Mandarin\040and\040Taiwan\040Southern\040Min}{chapter.5}% 54
\BOOKMARK [2][-]{subsection.5.1.1}{Symmetric\040tonal\040coarticulation\040and\040final\040prominence}{section.5.1}% 55
\BOOKMARK [2][-]{subsection.5.1.2}{Tone\040boundaries\040and\040perception\040of\040tonal\040coarticulation}{section.5.1}% 56
\BOOKMARK [1][-]{section.5.2}{The\040nature\040of\040tonal\040coarticulation}{chapter.5}% 57
\BOOKMARK [1][-]{section.5.3}{General\040perceptual\040compensation\040vs.\040speech-specific\040normalization}{chapter.5}% 58
\BOOKMARK [1][-]{section.5.4}{Sectional\040summary}{chapter.5}% 59
\BOOKMARK [0][-]{chapter.6}{Conclusions}{}% 60
\BOOKMARK [0][-]{section*.28}{References}{}% 61
\BOOKMARK [0][-]{section*.31}{Appendix A — Participant Information}{}% 62
\BOOKMARK [1][-]{section.6.1}{Monolingual\040group}{section*.31}% 63
\BOOKMARK [1][-]{section.6.2}{Intermediate\040bilingual\040group}{section*.31}% 64
\BOOKMARK [1][-]{section.6.3}{Advanced\040bilingual\040group}{section*.31}% 65
\BOOKMARK [0][-]{section*.36}{Appendix B — Stimuli}{}% 66
\BOOKMARK [1][-]{section.6.1}{Experiment\0401}{section*.36}% 67
\BOOKMARK [2][-]{subsection.6.1.1}{Taiwan\040Mandarin\040stimuli}{section.6.1}% 68
\BOOKMARK [2][-]{subsection.6.1.2}{Taiwan\040Southern\040Min\040stimuli}{section.6.1}% 69
\BOOKMARK [1][-]{section.6.2}{Experiment\0402}{section*.36}% 70
\BOOKMARK [2][-]{subsection.6.2.1}{Taiwan\040Mandarin\040version}{section.6.2}% 71
\BOOKMARK [2][-]{subsection.6.2.2}{Taiwan\040Southern\040Min\040version}{section.6.2}% 72
\BOOKMARK [1][-]{section.6.3}{Experiment\0403}{section*.36}% 73
\BOOKMARK [2][-]{subsection.6.3.1}{Taiwan\040Mandarin\040version}{section.6.3}% 74
\BOOKMARK [2][-]{subsection.6.3.2}{Taiwan\040Southern\040Min\040version}{section.6.3}% 75
\BOOKMARK [0][-]{section*.44}{Appendix C — Additional figures}{}% 76
\BOOKMARK [1][-]{section.6.1}{Taiwan\040Mandarin\040and\040Taiwan\040Southern\040Min\040tone\040contours\040in\040carry-over\040and\040anticipatory\040positions}{section*.44}% 77
\BOOKMARK [2][-]{subsection.6.1.1}{Taiwan\040Mandarin\040tones\040in\040carry-over\040position}{section.6.1}% 78
\BOOKMARK [2][-]{subsection.6.1.2}{Taiwan\040Southern\040Min\040tones\040in\040carry-over\040position}{section.6.1}% 79
\BOOKMARK [2][-]{subsection.6.1.3}{Taiwan\040Mandarin\040tones\040in\040anticipatory\040position}{section.6.1}% 80
\BOOKMARK [2][-]{subsection.6.1.4}{Taiwan\040Southern\040Min\040tones\040in\040anticipatory\040position}{section.6.1}% 81
